#
# There is insufficient memory for the Java Runtime Environment to continue.
# Native memory allocation (mmap) failed to map 65536 bytes for Failed to commit area from 0x000002841a4f0000 to 0x000002841a500000 of length 65536.
# Possible reasons:
#   The system is out of physical RAM or swap space
#   The process is running with CompressedOops enabled, and the Java Heap may be blocking the growth of the native heap
# Possible solutions:
#   Reduce memory load on the system
#   Increase physical memory or swap space
#   Check if swap backing store is full
#   Decrease Java heap size (-Xmx/-Xms)
#   Decrease number of Java threads
#   Decrease Java thread stack sizes (-Xss)
#   Set larger code cache with -XX:ReservedCodeCacheSize=
# This output file may be truncated or incomplete.
#
#  Out of Memory Error (./open/src/hotspot/os/windows/os_windows.cpp:3283), pid=22084, tid=20180
#
# JRE version:  (11.0.17+10) (build )
# Java VM: Java HotSpot(TM) 64-Bit Server VM (11.0.17+10-LTS-269, mixed mode, sharing, tiered, compressed oops, g1 gc, windows-amd64)
# No core dump will be written. Minidumps are not enabled by default on client versions of Windows
#

---------------  S U M M A R Y ------------

Command Line: -Dorg.gradle.internal.worker.tmpdir=C:\gb_0900_ksh\spring_team_project\JimCarry\build\tmp\test\work -Dorg.gradle.native=false -Xmx512m -Dfile.encoding=x-windows-949 -Duser.country=KR -Duser.language=ko -Duser.variant -ea worker.org.gradle.process.internal.worker.GradleWorkerMain 'Gradle Test Executor 10'

Host: AMD Ryzen 3 3300X 4-Core Processor             , 8 cores, 15G,  Windows 10 , 64 bit Build 19041 (10.0.19041.2546)
Time: Thu Mar 30 01:29:35 2023  Windows 10 , 64 bit Build 19041 (10.0.19041.2546) elapsed time: 0.011681 seconds (0d 0h 0m 0s)

---------------  T H R E A D  ---------------

Current thread (0x0000028403599800):  JavaThread "Unknown thread" [_thread_in_vm, id=20180, stack(0x000000dca9400000,0x000000dca9500000)]

Stack: [0x000000dca9400000,0x000000dca9500000]
Native frames: (J=compiled Java code, j=interpreted, Vv=VM code, C=native code)
V  [jvm.dll+0x62b5da]
V  [jvm.dll+0x7653df]
V  [jvm.dll+0x766a89]
V  [jvm.dll+0x767113]
V  [jvm.dll+0x23dd28]
V  [jvm.dll+0x62896a]
V  [jvm.dll+0x61d625]
V  [jvm.dll+0x2f2d3c]
V  [jvm.dll+0x2f2bc2]
V  [jvm.dll+0x2f7a00]
V  [jvm.dll+0x33a2f2]
V  [jvm.dll+0x339d10]
V  [jvm.dll+0x2d0368]
V  [jvm.dll+0x2d14d6]
V  [jvm.dll+0x73f9a7]
V  [jvm.dll+0x74123f]
V  [jvm.dll+0x347039]
V  [jvm.dll+0x725280]
V  [jvm.dll+0x3b5c1f]
V  [jvm.dll+0x3b7d31]
C  [jli.dll+0x5207]
C  [ucrtbase.dll+0x21bb2]
C  [KERNEL32.DLL+0x17614]
C  [ntdll.dll+0x526a1]


---------------  P R O C E S S  ---------------

Threads class SMR info:
_java_thread_list=0x00000284013aece0, length=0, elements={
}

Java Threads: ( => current thread )

Other Threads:
  0x00000284035ae800 GCTaskThread "GC Thread#0" [stack: 0x000000dca9500000,0x000000dca9600000] [id=15320]
  0x00000284035c0000 ConcurrentGCThread "G1 Main Marker" [stack: 0x000000dca9600000,0x000000dca9700000] [id=21364]
  0x00000284035c1000 ConcurrentGCThread "G1 Conc#0" [stack: 0x000000dca9700000,0x000000dca9800000] [id=14940]

[error occurred during error reporting (printing all threads), id 0xc0000005, EXCEPTION_ACCESS_VIOLATION (0xc0000005) at pc=0x00007ff87ca1f5f7]

VM state:not at safepoint (not fully initialized)

VM Mutex/Monitor currently owned by a thread:  ([mutex/lock_event])
[0x0000028403596c60] Heap_lock - owner thread: 0x0000028403599800

Heap address: 0x00000000e0000000, size: 512 MB, Compressed Oops mode: Non-zero based: 0x00000000e0000000
Narrow klass base: 0x0000000000000000, Narrow klass shift: 0

GC Heap History (0 events):
No events

Deoptimization events (0 events):
No events

Classes redefined (0 events):
No events

Internal exceptions (0 events):
No events

Events (0 events):
No events


Dynamic libraries:
0x00007ff7272f0000 - 0x00007ff7272ff000 	C:\Java\jdk-11.0.17\bin\java.exe
0x00007ff8e3a70000 - 0x00007ff8e3c68000 	C:\Windows\SYSTEM32\ntdll.dll
0x00007ff8e3350000 - 0x00007ff8e340f000 	C:\Windows\System32\KERNEL32.DLL
0x00007ff8e1170000 - 0x00007ff8e1442000 	C:\Windows\System32\KERNELBASE.dll
0x00007ff8e18e0000 - 0x00007ff8e19e0000 	C:\Windows\System32\ucrtbase.dll
0x00007ff8de980000 - 0x00007ff8de998000 	C:\Java\jdk-11.0.17\bin\jli.dll
0x00007ff8de960000 - 0x00007ff8de975000 	C:\Java\jdk-11.0.17\bin\VCRUNTIME140.dll
0x00007ff8e37d0000 - 0x00007ff8e387e000 	C:\Windows\System32\ADVAPI32.dll
0x00007ff8e2560000 - 0x00007ff8e25fe000 	C:\Windows\System32\msvcrt.dll
0x00007ff8e31d0000 - 0x00007ff8e326c000 	C:\Windows\System32\sechost.dll
0x00007ff8e2210000 - 0x00007ff8e2334000 	C:\Windows\System32\RPCRT4.dll
0x00007ff8e3010000 - 0x00007ff8e31b1000 	C:\Windows\System32\USER32.dll
0x00007ff8e1650000 - 0x00007ff8e1672000 	C:\Windows\System32\win32u.dll
0x00007ff8e2f00000 - 0x00007ff8e2f2b000 	C:\Windows\System32\GDI32.dll
0x00007ff8e14a0000 - 0x00007ff8e15af000 	C:\Windows\System32\gdi32full.dll
0x00007ff8d5170000 - 0x00007ff8d540a000 	C:\Windows\WinSxS\amd64_microsoft.windows.common-controls_6595b64144ccf1df_6.0.19041.1110_none_60b5254171f9507e\COMCTL32.dll
0x00007ff8e15b0000 - 0x00007ff8e164d000 	C:\Windows\System32\msvcp_win.dll
0x00007ff8db510000 - 0x00007ff8db51a000 	C:\Windows\SYSTEM32\VERSION.dll
0x00007ff8e3950000 - 0x00007ff8e3980000 	C:\Windows\System32\IMM32.DLL
0x00007ff8c73a0000 - 0x00007ff8c743b000 	C:\Java\jdk-11.0.17\bin\msvcp140.dll
0x00007ff87c740000 - 0x00007ff87d25a000 	C:\Java\jdk-11.0.17\bin\server\jvm.dll
0x00007ff8e2b90000 - 0x00007ff8e2b98000 	C:\Windows\System32\PSAPI.DLL
0x00007ff8cbad0000 - 0x00007ff8cbad9000 	C:\Windows\SYSTEM32\WSOCK32.dll
0x00007ff8d7500000 - 0x00007ff8d7527000 	C:\Windows\SYSTEM32\WINMM.dll
0x00007ff8e38e0000 - 0x00007ff8e394b000 	C:\Windows\System32\WS2_32.dll
0x00007ff8df050000 - 0x00007ff8df062000 	C:\Windows\SYSTEM32\kernel.appcore.dll
0x00007ff8dce40000 - 0x00007ff8dce50000 	C:\Java\jdk-11.0.17\bin\verify.dll
0x00007ff8da390000 - 0x00007ff8da574000 	C:\Windows\SYSTEM32\DBGHELP.DLL
0x00007ff8ca9a0000 - 0x00007ff8ca9d5000 	C:\Windows\SYSTEM32\dbgcore.DLL
0x00007ff8e1680000 - 0x00007ff8e1702000 	C:\Windows\System32\bcryptPrimitives.dll
0x00007ff8cdab0000 - 0x00007ff8cdad8000 	C:\Java\jdk-11.0.17\bin\java.dll
0x00007ff8dce30000 - 0x00007ff8dce3a000 	C:\Java\jdk-11.0.17\bin\jimage.dll
0x00007ff8cd790000 - 0x00007ff8cd7a6000 	C:\Java\jdk-11.0.17\bin\zip.dll

dbghelp: loaded successfully - version: 4.0.5 - missing functions: none
symbol engine: initialized successfully - sym options: 0x614 - pdb path: .;C:\Java\jdk-11.0.17\bin;C:\Windows\SYSTEM32;C:\Windows\WinSxS\amd64_microsoft.windows.common-controls_6595b64144ccf1df_6.0.19041.1110_none_60b5254171f9507e;C:\Java\jdk-11.0.17\bin\server

VM Arguments:
jvm_args: -Dorg.gradle.internal.worker.tmpdir=C:\gb_0900_ksh\spring_team_project\JimCarry\build\tmp\test\work -Dorg.gradle.native=false -Xmx512m -Dfile.encoding=x-windows-949 -Duser.country=KR -Duser.language=ko -Duser.variant -ea 
java_command: worker.org.gradle.process.internal.worker.GradleWorkerMain 'Gradle Test Executor 10'
java_class_path (initial): C:\\Users\\USER\\.gradle\\caches\\7.6.1\\workerMain\\gradle-worker.jar;C:\\gb_0900_ksh\\spring_team_project\\JimCarry\\build\\classes\\java\\test;C:\\gb_0900_ksh\\spring_team_project\\JimCarry\\build\\classes\\java\\main;C:\\gb_0900_ksh\\spring_team_project\\JimCarry\\build\\resources\\main;C:\\Users\\USER\\.gradle\\caches\\modules-2\\files-2.1\\org.springframework.boot\\spring-boot-starter-web-services\\2.7.5\\8d56d80cec9c715ea77a7ecaa885ee3ccd965bd2\\spring-boot-starter-web-services-2.7.5.jar;C:\\Users\\USER\\.gradle\\caches\\modules-2\\files-2.1\\org.springframework.boot\\spring-boot-starter-web\\2.7.5\\bb4099d0466a62c3b11ab9323babca13bb430a2e\\spring-boot-starter-web-2.7.5.jar;C:\\Users\\USER\\.gradle\\caches\\modules-2\\files-2.1\\org.springframework.boot\\spring-boot-starter-thymeleaf\\2.7.5\\d2be8d1d822d988924e0a23c81d795ae5aa288f3\\spring-boot-starter-thymeleaf-2.7.5.jar;C:\\Users\\USER\\.gradle\\caches\\modules-2\\files-2.1\\org.mybatis.spring.boot\\mybatis-spring-boot-starter\\2.1.0\\d1a1b96573ade19ce0cd536e15565d216b05ff83\\mybatis-spring-boot-starter-2.1.0.jar;C:\\Users\\USER\\.gradle\\caches\\modules-2\\files-2.1\\org.springframework.boot\\spring-boot-starter-aop\\2.7.5\\ea4b85395faaa3a382f2a582e4bf023d088d320e\\spring-boot-starter-aop-2.7.5.jar;C:\\Users\\USER\\.gradle\\caches\\modules-2\\files-2.1\\org.bgee.log4jdbc-log4j2\\log4jdbc-log4j2-jdbc4.1\\1.16\\ce7cd831b2e3e5d428e659a6fdae0fb6b89f3cc7\\log4jdbc-log4j2-jdbc4.1-1.16.jar;C:\\Users\\USER\\.gradle\\caches\\modules-2\\files-2.1\\net.coobird\\thumbnailator\\0.4.8\\4f10c440dd7776630aee9da4611a45032db1e041\\thumbnailator-0.4.8.jar;C:\\Users\\USER\\.gradle\\caches\\modules-2\\files-2.1\\org.springframework.boot\\spring-boot-starter-quartz\\2.7.5\\cc8674b8e7530cb0b3506b6abbb49e6264260aaf\\spring-boot-starter-quartz-2.7.5.jar;C:\\Users\\USER\\.gradle\\caches\\modules-2\\files-2.1\\net.nurigo\\javaSDK\\2.2\\5e0e9102e4ffb0d83d29b7c79dac4212e948efaf\\javaSDK-2.2.jar;C:\\Users\\
Launcher Type: SUN_STANDARD

[Global flags]
     intx CICompilerCount                          = 4                                         {product} {ergonomic}
     uint ConcGCThreads                            = 2                                         {product} {ergonomic}
     uint G1ConcRefinementThreads                  = 8                                         {product} {ergonomic}
   size_t G1HeapRegionSize                         = 1048576                                   {product} {ergonomic}
    uintx GCDrainStackTargetSize                   = 64                                        {product} {ergonomic}
   size_t InitialHeapSize                          = 268435456                                 {product} {ergonomic}
   size_t MarkStackSize                            = 4194304                                   {product} {ergonomic}
   size_t MaxHeapSize                              = 536870912                                 {product} {command line}
   size_t MinHeapDeltaBytes                        = 1048576                                   {product} {ergonomic}
    uintx NonNMethodCodeHeapSize                   = 5836300                                {pd product} {ergonomic}
    uintx NonProfiledCodeHeapSize                  = 122910970                              {pd product} {ergonomic}
    uintx ProfiledCodeHeapSize                     = 122910970                              {pd product} {ergonomic}
    uintx ReservedCodeCacheSize                    = 251658240                              {pd product} {ergonomic}
     bool SegmentedCodeCache                       = true                                      {product} {ergonomic}
     bool UseCompressedClassPointers               = true                                 {lp64_product} {ergonomic}
     bool UseCompressedOops                        = true                                 {lp64_product} {ergonomic}
     bool UseG1GC                                  = true                                      {product} {ergonomic}
     bool UseLargePagesIndividualAllocation        = false                                  {pd product} {ergonomic}

Logging:
Log output configuration:
 #0: stdout all=warning uptime,level,tags
 #1: stderr all=off uptime,level,tags

Environment Variables:
JAVA_HOME=C:\Java\jdk-11.0.17
PATH=C:\Java\jdk-11.0.17\bin;C:\nodejs;C:\Program Files\MySQL\MySQL Server 8.0\bin;C:\apache-tomcat-9.0.71\bin;C:\Program Files\Common Files\Oracle\Java\javapath;C:\oraclexe\app\oracle\product\11.2.0\server\bin;C:\Windows\system32;C:\Windows;C:\Windows\System32\Wbem;C:\Windows\System32\WindowsPowerShell\v1.0\;C:\Windows\System32\OpenSSH\;C:\Program Files (x86)\NVIDIA Corporation\PhysX\Common;C:\Program Files\NVIDIA Corporation\NVIDIA NvDLISR;C:\Git\cmd;C:\Program Files\MySQL\MySQL Shell 8.0\bin\;C:\Users\USER\AppData\Local\Microsoft\WindowsApps;C:\Program Files\Bandizip\;C:\Users\USER\AppData\Local\Programs\Microsoft VS Code\bin
USERNAME=USER
OS=Windows_NT
PROCESSOR_IDENTIFIER=AMD64 Family 23 Model 113 Stepping 0, AuthenticAMD



---------------  S Y S T E M  ---------------

OS: Windows 10 , 64 bit Build 19041 (10.0.19041.2546)

CPU:total 8 (initial active 8) (8 cores per cpu, 2 threads per core) family 23 model 113 stepping 0 microcode 0x0, cmov, cx8, fxsr, mmx, sse, sse2, sse3, ssse3, sse4.1, sse4.2, popcnt, avx, avx2, aes, clmul, mmxext, 3dnowpref, lzcnt, sse4a, ht, tsc, tscinvbit, tscinv, bmi1, bmi2, adx, 

Memory: 4k page, system-wide physical 16318M (5062M free)
TotalPageFile size 46032M (AvailPageFile size 5M)
current process WorkingSet (physical memory assigned to process): 10M, peak: 10M
current process commit charge ("private bytes"): 318M, peak: 318M

vm_info: Java HotSpot(TM) 64-Bit Server VM (11.0.17+10-LTS-269) for windows-amd64 JRE (11.0.17+10-LTS-269), built on Sep 13 2022 19:26:37 by "mach5one" with MS VC++ 15.9 (VS2017)

END.
